
Circuit 1 cell sky130_fd_pr__pfet_01v8 and Circuit 2 cell sky130_fd_pr__pfet_01v8 are black boxes.
Equate elements:  no current cell.
Device classes sky130_fd_pr__pfet_01v8 and sky130_fd_pr__pfet_01v8 are equivalent.

Circuit 1 cell sky130_fd_pr__nfet_01v8 and Circuit 2 cell sky130_fd_pr__nfet_01v8 are black boxes.
Equate elements:  no current cell.
Device classes sky130_fd_pr__nfet_01v8 and sky130_fd_pr__nfet_01v8 are equivalent.

Class LDS_VCN_GEN.spice (0):  Merged 9 parallel devices.
Class REAL_VCN_BIAS_GEN.spice (1):  Merged 8 parallel devices.
Subcircuit summary:
Circuit 1: LDS_VCN_GEN.spice               |Circuit 2: REAL_VCN_BIAS_GEN.spice         
-------------------------------------------|-------------------------------------------
sky130_fd_pr__pfet_01v8 (12->11)           |sky130_fd_pr__pfet_01v8 (12) **Mismatch**  
sky130_fd_pr__nfet_01v8 (12->4)            |sky130_fd_pr__nfet_01v8 (12->4)            
Number of devices: 15 **Mismatch**         |Number of devices: 16 **Mismatch**         
Number of nets: 14 **Mismatch**            |Number of nets: 18 **Mismatch**            
---------------------------------------------------------------------------------------
NET mismatches: Class fragments follow (with fanout counts):
Circuit 1: LDS_VCN_GEN.spice               |Circuit 2: REAL_VCN_BIAS_GEN.spice         

---------------------------------------------------------------------------------------
Net: VCN                                   |Net: VCN                                   
  sky130_fd_pr__pfet_01v8/(1|3) = 1        |  sky130_fd_pr__pfet_01v8/(1|3) = 2        
  sky130_fd_pr__nfet_01v8/(1|3) = 1        |  sky130_fd_pr__nfet_01v8/(1|3) = 1        
  sky130_fd_pr__nfet_01v8/2 = 1            |  sky130_fd_pr__nfet_01v8/2 = 1            
                                           |                                           
Net: VBP                                   |(no matching net)                          
  sky130_fd_pr__pfet_01v8/2 = 11           |                                           
                                           |                                           
Net: VDD                                   |(no matching net)                          
  sky130_fd_pr__pfet_01v8/(1|3) = 3        |                                           
  sky130_fd_pr__pfet_01v8/4 = 11           |                                           
---------------------------------------------------------------------------------------

---------------------------------------------------------------------------------------
(no matching net)                          |Net: VP                                    
                                           |  sky130_fd_pr__pfet_01v8/4 = 12           
                                           |                                           
(no matching net)                          |Net: VBP                                   
                                           |  sky130_fd_pr__pfet_01v8/2 = 12           
---------------------------------------------------------------------------------------

---------------------------------------------------------------------------------------
Net: net6                                  |Net: a_n800_6360#                          
  sky130_fd_pr__pfet_01v8/(1|3) = 2        |  sky130_fd_pr__pfet_01v8/(1|3) = 2        
  sky130_fd_pr__nfet_01v8/2 = 3            |  sky130_fd_pr__nfet_01v8/2 = 3            
  sky130_fd_pr__nfet_01v8/(1|3) = 3        |  sky130_fd_pr__nfet_01v8/(1|3) = 3        
---------------------------------------------------------------------------------------
DEVICE mismatches: Class fragments follow (with node fanout counts):
Circuit 1: LDS_VCN_GEN.spice               |Circuit 2: REAL_VCN_BIAS_GEN.spice         

---------------------------------------------------------------------------------------
Instance: sky130_fd_pr__pfet_01v8:M14      |(no matching instance)                     
  (1,3) = (14,3)                           |                                           
  2 = 11                                   |                                           
  4 = 14                                   |                                           
                                           |                                           
---------------------------------------------------------------------------------------
Netlists do not match.
Cells have no pins;  pin matching not needed.
Device classes LDS_VCN_GEN.spice and REAL_VCN_BIAS_GEN.spice are equivalent.

Final result: Netlists do not match.
