
Circuit 1 cell sky130_fd_pr__pfet_01v8 and Circuit 2 cell sky130_fd_pr__pfet_01v8 are black boxes.
Equate elements:  no current cell.
Device classes sky130_fd_pr__pfet_01v8 and sky130_fd_pr__pfet_01v8 are equivalent.

Circuit 1 cell sky130_fd_pr__nfet_01v8 and Circuit 2 cell sky130_fd_pr__nfet_01v8 are black boxes.
Equate elements:  no current cell.
Device classes sky130_fd_pr__nfet_01v8 and sky130_fd_pr__nfet_01v8 are equivalent.

Class layout_first_current_mirror.spice (0):  Merged 30 parallel devices.
Class LDS_first_current_mirror.spice (1):  Merged 30 parallel devices.
Subcircuit summary:
Circuit 1: layout_first_current_mirror.spi |Circuit 2: LDS_first_current_mirror.spice  
-------------------------------------------|-------------------------------------------
sky130_fd_pr__pfet_01v8 (32->8)            |sky130_fd_pr__pfet_01v8 (32->8)            
sky130_fd_pr__nfet_01v8 (12->6)            |sky130_fd_pr__nfet_01v8 (12->6)            
Number of devices: 14                      |Number of devices: 14                      
Number of nets: 11                         |Number of nets: 11                         
---------------------------------------------------------------------------------------
Netlists match uniquely.
Cells have no pins;  pin matching not needed.
Device classes layout_first_current_mirror.spice and LDS_first_current_mirror.spice are equivalent.

Final result: Circuits match uniquely.
.
